<?xml version="1.0" encoding="UTF-8"?>
<testsuite xmlns:xsi="http://www.w3.org/2001/XMLSchema-instance" xsi:noNamespaceSchemaLocation="https://maven.apache.org/surefire/maven-surefire-plugin/xsd/surefire-test-report.xsd" name="RegularExpressionsTest" time="0.05" tests="11" errors="0" skipped="0" failures="2">
  <properties>
[...]
</properties>
  <testcase name="methodIsDayOfWeekExists" classname="RegularExpressionsTest" time="0.014"/>
  <testcase name="isDayOfWeekRejects" classname="RegularExpressionsTest" time="0.001"/>
  <testcase name="methodAllVowelsExists" classname="RegularExpressionsTest" time="0"/>
  <testcase name="noForbiddenCommands" classname="RegularExpressionsTest" time="0.003"/>
  <testcase name="noForbiddenCommands2" classname="RegularExpressionsTest" time="0"/>
  <testcase name="kellonaikaHyvaksyyOikeat" classname="RegularExpressionsTest" time="0.004">
    <failure message="check the code: new Checker().timeOfDay(&quot;20:00:00&quot;)&#10; expected:&lt;true&gt; but was:&lt;false&gt;" type="java.lang.AssertionError"><![CDATA[java.lang.AssertionError: 
check the code: new Checker().timeOfDay("20:00:00")
 expected:<true> but was:<false>
	at RegularExpressionsTest.kellonaikaHyvaksyyOikeat(RegularExpressionsTest.java:125)
]]></failure>
  </testcase>
  <testcase name="onMetodiKellonaika" classname="RegularExpressionsTest" time="0"/>
  <testcase name="acceptsAllVowelStrings" classname="RegularExpressionsTest" time="0">
    <failure message="check the code: new Checker().allVowels(&quot;aeiou&quot;)&#10; expected:&lt;true&gt; but was:&lt;false&gt;" type="java.lang.AssertionError"><![CDATA[java.lang.AssertionError: 
check the code: new Checker().allVowels("aeiou")
 expected:<true> but was:<false>
	at RegularExpressionsTest.acceptsAllVowelStrings(RegularExpressionsTest.java:73)
]]></failure>
  </testcase>
  <testcase name="isDayOfWeekAccepts" classname="RegularExpressionsTest" time="0.001"/>
  <testcase name="failIfConsonantsInString" classname="RegularExpressionsTest" time="0.001"/>
  <testcase name="timeOfDayRefusesWrongOnes" classname="RegularExpressionsTest" time="0"/>
</testsuite>